1.6589 	WARNING 	We strongly recommend you activate the PTB sound engine in PsychoPy prefs as the preferred audio engine. Its timing is vastly superior. Your prefs are currently set to use ['sounddevice', 'PTB', 'pyo', 'pygame'] (in that order).
17.4461 	EXP 	Created window1 = Window(allowGUI=False, allowStencil=False, autoLog=True, backendConf=UNKNOWN, bitsMode=UNKNOWN, blendMode='avg', bpc=(8, 8, 8), color=array([-1, -1, -1]), colorSpace='rgb', depthBits=8, fullscr=<method-wrapper '__getattribute__' of attributeSetter object at 0x000001B554406AF0>, gamma=None, gammaErrorPolicy='raise', lms=UNKNOWN, monitor=<psychopy.monitors.calibTools.Monitor object at 0x000001B55604F160>, multiSample=False, name='window1', numSamples=2, pos=(1920, 9), screen=0, size=array([1920, 1080]), stencilBits=0, stereo=False, units='norm', useFBO=True, useRetina=False, viewOri=0.0, viewPos=None, viewScale=None, waitBlanking=True, winType='pyglet')
17.4463 	EXP 	window1: mouseVisible = True
17.4463 	EXP 	window1: Attempting to measure frame rate of screen (0) ...
17.4463 	EXP 	window1: recordFrameIntervals = False
17.6123 	EXP 	window1: recordFrameIntervals = True
17.7960 	EXP 	Screen (0) actual frame rate measured at 59.99Hz
17.7960 	EXP 	window1: recordFrameIntervals = False
19.8830 	EXP 	Created fixation_cross = TextStim(__class__=<class 'psychopy.visual.text.TextStim'>, alignHoriz=method-wrapper(...), alignText='center', alignVert=method-wrapper(...), anchorHoriz='center', anchorVert='center', antialias=True, autoLog=True, bold=False, color=array([1., 1., 1.]), colorSpace='rgb', contrast=1.0, depth=0.0, flipHoriz=False, flipVert=False, font='Arial', fontFiles=[], height=0.3, italic=False, languageStyle='LTR', name='fixation_cross', opacity=1.0, ori=0.0, pos=array([0., 0.]), rgb=UNKNOWN, text='+', units='norm', win=Window(...), wrapWidth=1)
19.9004 	EXP 	Created button_check_1 = TextStim(__class__=<class 'psychopy.visual.text.TextStim'>, alignHoriz=method-wrapper(...), alignText='center', alignVert=method-wrapper(...), anchorHoriz='center', anchorVert='center', antialias=True, autoLog=True, bold=False, color=array([1., 1., 1.]), colorSpace='rgb', contrast=1.0, depth=0.0, flipHoriz=False, flipVert=False, font='Arial', fontFiles=[], height=0.15, italic=False, languageStyle='LTR', name='button_check_1', opacity=1.0, ori=0, pos=array([0., 0.]), rgb=UNKNOWN, text='Press 1', units='norm', win=Window(...), wrapWidth=1)
19.9062 	EXP 	Created text_2 = TextStim(__class__=<class 'psychopy.visual.text.TextStim'>, alignHoriz=method-wrapper(...), alignText='center', alignVert=method-wrapper(...), anchorHoriz='center', anchorVert='center', antialias=True, autoLog=True, bold=False, color=array([1., 1., 1.]), colorSpace='rgb', contrast=1.0, depth=0.0, flipHoriz=False, flipVert=False, font='Arial', fontFiles=[], height=0.15, italic=False, languageStyle='LTR', name='text_2', opacity=1.0, ori=0, pos=array([0., 0.]), rgb=UNKNOWN, text='Press 2', units='norm', win=Window(...), wrapWidth=1)
19.9106 	EXP 	Created text_3 = TextStim(__class__=<class 'psychopy.visual.text.TextStim'>, alignHoriz=method-wrapper(...), alignText='center', alignVert=method-wrapper(...), anchorHoriz='center', anchorVert='center', antialias=True, autoLog=True, bold=False, color=array([1., 1., 1.]), colorSpace='rgb', contrast=1.0, depth=0.0, flipHoriz=False, flipVert=False, font='Arial', fontFiles=[], height=0.15, italic=False, languageStyle='LTR', name='text_3', opacity=1.0, ori=0, pos=array([0., 0.]), rgb=UNKNOWN, text='Press 3', units='norm', win=Window(...), wrapWidth=1)
19.9144 	EXP 	Created text_4 = TextStim(__class__=<class 'psychopy.visual.text.TextStim'>, alignHoriz=method-wrapper(...), alignText='center', alignVert=method-wrapper(...), anchorHoriz='center', anchorVert='center', antialias=True, autoLog=True, bold=False, color=array([1., 1., 1.]), colorSpace='rgb', contrast=1.0, depth=0.0, flipHoriz=False, flipVert=False, font='Arial', fontFiles=[], height=0.15, italic=False, languageStyle='LTR', name='text_4', opacity=1.0, ori=0, pos=array([0., 0.]), rgb=UNKNOWN, text='Press 4', units='norm', win=Window(...), wrapWidth=1)
19.9297 	EXP 	Created wait_text = TextStim(__class__=<class 'psychopy.visual.text.TextStim'>, alignHoriz=method-wrapper(...), alignText='center', alignVert=method-wrapper(...), anchorHoriz='center', anchorVert='center', antialias=True, autoLog=True, bold=False, color=array([1., 1., 1.]), colorSpace='rgb', contrast=1.0, depth=0.0, flipHoriz=False, flipVert=False, font='Arial', fontFiles=[], height=0.15, italic=False, languageStyle='LTR', name='wait_text', opacity=1.0, ori=0, pos=array([0., 0.]), rgb=UNKNOWN, text='The experiment will begin shortly', units='norm', win=Window(...), wrapWidth=2)
19.9346 	EXP 	Created instruction = TextStim(__class__=<class 'psychopy.visual.text.TextStim'>, alignHoriz=method-wrapper(...), alignText='center', alignVert=method-wrapper(...), anchorHoriz='center', anchorVert='center', antialias=True, autoLog=True, bold=False, color=array([1., 1., 1.]), colorSpace='rgb', contrast=1.0, depth=-1.0, flipHoriz=False, flipVert=False, font='Arial', fontFiles=[], height=0.15, italic=False, languageStyle='LTR', name='instruction', opacity=1.0, ori=0, pos=array([0. , 0.6]), rgb=UNKNOWN, text='Imagine', units='norm', win=Window(...), wrapWidth=2)
19.9428 	EXP 	Created image_3 = ImageStim(__class__=<class 'psychopy.visual.image.ImageStim'>, anchor=('center', 'center'), autoLog=True, color=array([1., 1., 1.]), colorSpace='rgb', contrast=1.0, depth=-2.0, flipHoriz=False, flipVert=False, image='sin', interpolate=True, mask=None, maskParams=None, name='image_3', opacity=1.0, ori=0.0, pos=array([0., 0.]), size=array([0.6, 0.6]), texRes=128, units='norm', win=Window(...))
19.9490 	EXP 	Created in_ = TextStim(__class__=<class 'psychopy.visual.text.TextStim'>, alignHoriz=method-wrapper(...), alignText='center', alignVert=method-wrapper(...), anchorHoriz='center', anchorVert='center', antialias=True, autoLog=True, bold=False, color=array([1., 1., 1.]), colorSpace='rgb', contrast=1.0, depth=-3.0, flipHoriz=False, flipVert=False, font='Arial', fontFiles=[], height=0.15, italic=False, languageStyle='LTR', name='in_', opacity=1.0, ori=0, pos=array([ 0. , -0.5]), rgb=UNKNOWN, text='in', units='norm', win=Window(...), wrapWidth=2)
19.9522 	EXP 	Created source_cue = TextStim(__class__=<class 'psychopy.visual.text.TextStim'>, alignHoriz=method-wrapper(...), alignText='center', alignVert=method-wrapper(...), anchorHoriz='center', anchorVert='center', antialias=True, autoLog=True, bold=False, color=array([1., 1., 1.]), colorSpace='rgb', contrast=1.0, depth=-4.0, flipHoriz=False, flipVert=False, font='Arial', fontFiles=[], height=0.15, italic=False, languageStyle='LTR', name='source_cue', opacity=1.0, ori=0, pos=array([ 0. , -0.7]), rgb=UNKNOWN, text='', units='norm', win=Window(...), wrapWidth=1)
19.9586 	EXP 	Created fixation = TextStim(__class__=<class 'psychopy.visual.text.TextStim'>, alignHoriz=method-wrapper(...), alignText='center', alignVert=method-wrapper(...), anchorHoriz='center', anchorVert='center', antialias=True, autoLog=True, bold=False, color=array([1., 1., 1.]), colorSpace='rgb', contrast=1.0, depth=-5.0, flipHoriz=False, flipVert=False, font='Arial', fontFiles=[], height=0.3, italic=False, languageStyle='LTR', name='fixation', opacity=1.0, ori=0, pos=array([0., 0.]), rgb=UNKNOWN, text='+', units='norm', win=Window(...), wrapWidth=2)
19.9690 	EXP 	Created rating = TextStim(__class__=<class 'psychopy.visual.text.TextStim'>, alignHoriz=method-wrapper(...), alignText='center', alignVert=method-wrapper(...), anchorHoriz='center', anchorVert='center', antialias=True, autoLog=True, bold=False, color=array([1., 1., 1.]), colorSpace='rgb', contrast=1.0, depth=-1.0, flipHoriz=False, flipVert=False, font='Arial', fontFiles=[], height=0.15, italic=False, languageStyle='LTR', name='rating', opacity=1.0, ori=0, pos=array([0. , 0.2]), rgb=UNKNOWN, text=str(...), units='norm', win=Window(...), wrapWidth=2)
19.9815 	EXP 	Created text = TextStim(__class__=<class 'psychopy.visual.text.TextStim'>, alignHoriz=method-wrapper(...), alignText='center', alignVert=method-wrapper(...), anchorHoriz='center', anchorVert='center', antialias=True, autoLog=True, bold=False, color=array([1., 1., 1.]), colorSpace='rgb', contrast=1.0, depth=-2.0, flipHoriz=False, flipVert=False, font='Arial', fontFiles=[], height=0.08, italic=False, languageStyle='LTR', name='text', opacity=1.0, ori=0, pos=array([ 0.  , -0.35]), rgb=UNKNOWN, text=str(...), units='norm', win=Window(...), wrapWidth=2)
20.0020 	EXP 	Created text_16 = TextStim(__class__=<class 'psychopy.visual.text.TextStim'>, alignHoriz=method-wrapper(...), alignText='center', alignVert=method-wrapper(...), anchorHoriz='center', anchorVert='center', antialias=True, autoLog=True, bold=False, color=array([1., 1., 1.]), colorSpace='rgb', contrast=1.0, depth=-1.0, flipHoriz=False, flipVert=False, font='Arial', fontFiles=[], height=0.3, italic=False, languageStyle='LTR', name='text_16', opacity=1.0, ori=0, pos=array([0., 0.]), rgb=UNKNOWN, text='+', units='norm', win=Window(...), wrapWidth=1)
20.0099 	EXP 	Created instruction = TextStim(__class__=<class 'psychopy.visual.text.TextStim'>, alignHoriz=method-wrapper(...), alignText='center', alignVert=method-wrapper(...), anchorHoriz='center', anchorVert='center', antialias=True, autoLog=True, bold=False, color=array([1., 1., 1.]), colorSpace='rgb', contrast=1.0, depth=-1.0, flipHoriz=False, flipVert=False, font='Arial', fontFiles=[], height=0.15, italic=False, languageStyle='LTR', name='instruction', opacity=1.0, ori=0, pos=array([0. , 0.6]), rgb=UNKNOWN, text='Imagine', units='norm', win=Window(...), wrapWidth=2)
20.0135 	EXP 	Created image_3 = ImageStim(__class__=<class 'psychopy.visual.image.ImageStim'>, anchor=('center', 'center'), autoLog=True, color=array([1., 1., 1.]), colorSpace='rgb', contrast=1.0, depth=-2.0, flipHoriz=False, flipVert=False, image='sin', interpolate=True, mask=None, maskParams=None, name='image_3', opacity=1.0, ori=0.0, pos=array([0., 0.]), size=array([0.6, 0.6]), texRes=128, units='norm', win=Window(...))
20.0157 	EXP 	Created in_ = TextStim(__class__=<class 'psychopy.visual.text.TextStim'>, alignHoriz=method-wrapper(...), alignText='center', alignVert=method-wrapper(...), anchorHoriz='center', anchorVert='center', antialias=True, autoLog=True, bold=False, color=array([1., 1., 1.]), colorSpace='rgb', contrast=1.0, depth=-3.0, flipHoriz=False, flipVert=False, font='Arial', fontFiles=[], height=0.15, italic=False, languageStyle='LTR', name='in_', opacity=1.0, ori=0, pos=array([ 0. , -0.5]), rgb=UNKNOWN, text='in', units='norm', win=Window(...), wrapWidth=2)
20.0168 	EXP 	Created source_cue = TextStim(__class__=<class 'psychopy.visual.text.TextStim'>, alignHoriz=method-wrapper(...), alignText='center', alignVert=method-wrapper(...), anchorHoriz='center', anchorVert='center', antialias=True, autoLog=True, bold=False, color=array([1., 1., 1.]), colorSpace='rgb', contrast=1.0, depth=-4.0, flipHoriz=False, flipVert=False, font='Arial', fontFiles=[], height=0.15, italic=False, languageStyle='LTR', name='source_cue', opacity=1.0, ori=0, pos=array([ 0. , -0.7]), rgb=UNKNOWN, text='', units='norm', win=Window(...), wrapWidth=1)
20.0188 	EXP 	Created fixation = TextStim(__class__=<class 'psychopy.visual.text.TextStim'>, alignHoriz=method-wrapper(...), alignText='center', alignVert=method-wrapper(...), anchorHoriz='center', anchorVert='center', antialias=True, autoLog=True, bold=False, color=array([1., 1., 1.]), colorSpace='rgb', contrast=1.0, depth=-5.0, flipHoriz=False, flipVert=False, font='Arial', fontFiles=[], height=0.3, italic=False, languageStyle='LTR', name='fixation', opacity=1.0, ori=0, pos=array([0., 0.]), rgb=UNKNOWN, text='+', units='norm', win=Window(...), wrapWidth=2)
20.0293 	EXP 	Created rating = TextStim(__class__=<class 'psychopy.visual.text.TextStim'>, alignHoriz=method-wrapper(...), alignText='center', alignVert=method-wrapper(...), anchorHoriz='center', anchorVert='center', antialias=True, autoLog=True, bold=False, color=array([1., 1., 1.]), colorSpace='rgb', contrast=1.0, depth=-1.0, flipHoriz=False, flipVert=False, font='Arial', fontFiles=[], height=0.15, italic=False, languageStyle='LTR', name='rating', opacity=1.0, ori=0, pos=array([0. , 0.2]), rgb=UNKNOWN, text=str(...), units='norm', win=Window(...), wrapWidth=2)
20.0334 	EXP 	Created text = TextStim(__class__=<class 'psychopy.visual.text.TextStim'>, alignHoriz=method-wrapper(...), alignText='center', alignVert=method-wrapper(...), anchorHoriz='center', anchorVert='center', antialias=True, autoLog=True, bold=False, color=array([1., 1., 1.]), colorSpace='rgb', contrast=1.0, depth=-2.0, flipHoriz=False, flipVert=False, font='Arial', fontFiles=[], height=0.08, italic=False, languageStyle='LTR', name='text', opacity=1.0, ori=0, pos=array([ 0.  , -0.35]), rgb=UNKNOWN, text=str(...), units='norm', win=Window(...), wrapWidth=2)
20.0354 	EXP 	Created text_16 = TextStim(__class__=<class 'psychopy.visual.text.TextStim'>, alignHoriz=method-wrapper(...), alignText='center', alignVert=method-wrapper(...), anchorHoriz='center', anchorVert='center', antialias=True, autoLog=True, bold=False, color=array([1., 1., 1.]), colorSpace='rgb', contrast=1.0, depth=-1.0, flipHoriz=False, flipVert=False, font='Arial', fontFiles=[], height=0.3, italic=False, languageStyle='LTR', name='text_16', opacity=1.0, ori=0, pos=array([0., 0.]), rgb=UNKNOWN, text='+', units='norm', win=Window(...), wrapWidth=1)
20.0556 	EXP 	Created instruc = TextStim(__class__=<class 'psychopy.visual.text.TextStim'>, alignHoriz=method-wrapper(...), alignText='center', alignVert=method-wrapper(...), anchorHoriz='center', anchorVert='center', antialias=True, autoLog=True, bold=False, color=array([1., 1., 1.]), colorSpace='rgb', contrast=1.0, depth=0.0, flipHoriz=False, flipVert=False, font='Arial', fontFiles=[], height=0.1, italic=False, languageStyle='LTR', name='instruc', opacity=1.0, ori=0, pos=array([0., 0.]), rgb=UNKNOWN, text='Press 1 for X\nPress 2 for O', units='norm', win=Window(...), wrapWidth=1)
20.0574 	EXP 	Created distractor_task = TextStim(__class__=<class 'psychopy.visual.text.TextStim'>, alignHoriz=method-wrapper(...), alignText='center', alignVert=method-wrapper(...), anchorHoriz='center', anchorVert='center', antialias=True, autoLog=True, bold=False, color=array([1., 1., 1.]), colorSpace='rgb', contrast=1.0, depth=0.0, flipHoriz=False, flipVert=False, font='Arial', fontFiles=[], height=0.3, italic=False, languageStyle='LTR', name='distractor_task', opacity=1.0, ori=0, pos=array([0., 0.]), rgb=UNKNOWN, text='', units='norm', win=Window(...), wrapWidth=1)
20.0627 	EXP 	Created flicker = TextStim(__class__=<class 'psychopy.visual.text.TextStim'>, alignHoriz=method-wrapper(...), alignText='center', alignVert=method-wrapper(...), anchorHoriz='center', anchorVert='center', antialias=True, autoLog=True, bold=False, color=array([1., 1., 1.]), colorSpace='rgb', contrast=1.0, depth=-2.0, flipHoriz=False, flipVert=False, font='Arial', fontFiles=[], height=0.3, italic=False, languageStyle='LTR', name='flicker', opacity=1.0, ori=0, pos=array([0., 0.]), rgb=UNKNOWN, text=' ', units='norm', win=Window(...), wrapWidth=1)
20.0738 	EXP 	Created end_screen = TextStim(__class__=<class 'psychopy.visual.text.TextStim'>, alignHoriz=method-wrapper(...), alignText='center', alignVert=method-wrapper(...), anchorHoriz='center', anchorVert='center', antialias=True, autoLog=True, bold=False, color=array([1., 1., 1.]), colorSpace='rgb', contrast=1.0, depth=0.0, flipHoriz=False, flipVert=False, font='Arial', fontFiles=[], height=0.15, italic=False, languageStyle='LTR', name='end_screen', opacity=1.0, ori=0, pos=array([0., 0.]), rgb=UNKNOWN, text='End of this scan', units='norm', win=Window(...), wrapWidth=1)
20.0795 	EXP 	fixation_cross: autoDraw = True
21.3515 	DATA 	Keypress: space
21.3782 	EXP 	fixation_cross: autoDraw = False
21.3782 	EXP 	button_check_1: autoDraw = True
22.3979 	DATA 	Keypress: 1
22.4116 	EXP 	button_check_1: autoDraw = False
22.4116 	EXP 	text_2: autoDraw = True
22.7190 	DATA 	Keypress: 2
22.7299 	EXP 	text_2: autoDraw = False
22.7299 	EXP 	text_3: autoDraw = True
23.0164 	DATA 	Keypress: 3
23.0430 	EXP 	text_3: autoDraw = False
23.0430 	EXP 	text_4: autoDraw = True
23.3475 	DATA 	Keypress: 4
23.3626 	EXP 	text_4: autoDraw = False
23.3626 	EXP 	wait_text: autoDraw = True
24.6842 	DATA 	Keypress: space
25.1150 	EXP 	Imported condition_files/encoding_g1_b4.xlsx as conditions, 10 conditions, 3 params
25.1164 	EXP 	Created sequence: random, trialTypes=10, nReps=1, seed=None
25.1170 	EXP 	New trial (rep=0, index=0): {'stimImg': 'stimulus_images/Ababybottle15.jpg', 'taskType': 'TIME', 'audTrial': 0}
25.1362 	DATA 	Keypress: t
25.1395 	EXP 	wait_text: autoDraw = False
25.1395 	EXP 	image_3: image = 'stimulus_images_t1/stimulus_images/Ababybottle15.jpg'
25.1395 	EXP 	source_cue: height = 0.15
25.1395 	EXP 	source_cue: height = 0.15
25.1395 	EXP 	source_cue: text = 'TIME'
25.1395 	EXP 	instruction: autoDraw = True
25.1395 	EXP 	image_3: autoDraw = True
26.1265 	EXP 	in_: autoDraw = True
26.1265 	EXP 	source_cue: autoDraw = True
27.1264 	EXP 	in_: autoDraw = False
27.1264 	EXP 	source_cue: autoDraw = False
27.1264 	EXP 	fixation: autoDraw = True
27.1456 	EXP 	instruction: autoDraw = False
27.1456 	EXP 	image_3: autoDraw = False
31.1122 	EXP 	instruction: autoDraw = False
31.1122 	EXP 	image_3: autoDraw = False
31.1122 	EXP 	in_: autoDraw = False
31.1122 	EXP 	source_cue: autoDraw = False
31.1122 	EXP 	fixation: autoDraw = False
31.1122 	EXP 	rating: autoDraw = True
31.1122 	EXP 	text: autoDraw = True
31.9674 	DATA 	Keypress: 1
37.1118 	EXP 	rating: autoDraw = False
37.1118 	EXP 	text: autoDraw = False
37.1118 	EXP 	text_16: autoDraw = True
39.0976 	EXP 	New trial (rep=0, index=1): {'stimImg': 'stimulus_images/Achampagnebo2.jpg', 'taskType': 'TIME', 'audTrial': 0}
39.1115 	EXP 	text_16: autoDraw = False
39.1115 	EXP 	text_16: autoDraw = False
39.1115 	EXP 	image_3: image = 'stimulus_images_t1/stimulus_images/Achampagnebo2.jpg'
39.1115 	EXP 	source_cue: text = 'TIME'
39.1115 	EXP 	instruction: autoDraw = True
39.1115 	EXP 	image_3: autoDraw = True
40.0930 	EXP 	in_: autoDraw = True
40.0930 	EXP 	source_cue: autoDraw = True
41.0930 	EXP 	in_: autoDraw = False
41.0930 	EXP 	source_cue: autoDraw = False
41.0930 	EXP 	fixation: autoDraw = True
41.1291 	EXP 	instruction: autoDraw = False
41.1291 	EXP 	image_3: autoDraw = False
43.5717 	DATA 	Mouse: Left button down, pos=(704,533)
43.6302 	DATA 	Mouse:  Left button up, pos=(704,534)
44.3174 	DATA 	Keypress: lctrl
44.4332 	DATA 	Keypress: c
44.7162 	DATA 	Mouse: Left button down, pos=(1067,479)
44.7964 	DATA 	Mouse:  Left button up, pos=(1067,479)
45.0953 	EXP 	fixation: autoDraw = False
45.0953 	EXP 	instruction: autoDraw = False
45.0953 	EXP 	image_3: autoDraw = False
45.0953 	EXP 	in_: autoDraw = False
45.0953 	EXP 	source_cue: autoDraw = False
45.0953 	EXP 	fixation: autoDraw = False
45.0953 	EXP 	rating: autoDraw = True
45.0953 	EXP 	text: autoDraw = True
46.0020 	DATA 	Keypress: 2
51.0950 	EXP 	rating: autoDraw = False
51.0950 	EXP 	text: autoDraw = False
51.0950 	EXP 	rating: autoDraw = False
51.0950 	EXP 	text: autoDraw = False
51.0950 	EXP 	text_16: autoDraw = True
53.0796 	EXP 	New trial (rep=0, index=2): {'stimImg': 'stimulus_images/Ahandbag50.jpg', 'taskType': 'TIME', 'audTrial': 1}
53.0939 	EXP 	text_16: autoDraw = False
53.0939 	EXP 	text_16: autoDraw = False
53.0939 	EXP 	image_3: image = 'stimulus_images_t1/stimulus_images/Ahandbag50.jpg'
53.0939 	EXP 	source_cue: text = 'TIME'
53.0939 	EXP 	instruction: autoDraw = True
53.0939 	EXP 	image_3: autoDraw = True
54.0762 	EXP 	in_: autoDraw = True
54.0762 	EXP 	source_cue: autoDraw = True
55.0759 	EXP 	in_: autoDraw = False
55.0759 	EXP 	source_cue: autoDraw = False
55.0759 	EXP 	fixation: autoDraw = True
55.1111 	EXP 	instruction: autoDraw = False
55.1111 	EXP 	image_3: autoDraw = False
57.9306 	DATA 	Mouse: Left button down, pos=(866,515)
57.9797 	DATA 	Mouse:  Left button up, pos=(897,530)
59.0789 	EXP 	fixation: autoDraw = False
59.0789 	EXP 	instruction: autoDraw = False
59.0789 	EXP 	image_3: autoDraw = False
59.0789 	EXP 	in_: autoDraw = False
59.0789 	EXP 	source_cue: autoDraw = False
59.0789 	EXP 	fixation: autoDraw = False
59.0789 	EXP 	rating: autoDraw = True
59.0789 	EXP 	text: autoDraw = True
62.7849 	DATA 	Keypress: escape
63.3482 	EXP 	window1: mouseVisible = True
